[2019-01-01 16:23:28] local.ERROR: ErrorException: file_put_contents(C:\xampp\htdocs\sand_box\microservices_lumen\LumenAuthorApi\bootstrap\database\migrations/2019_01_01_162327_create_authors_table.php): failed to open stream: No such file or directory in C:\xampp\htdocs\sand_box\microservices_lumen\LumenAuthorApi\vendor\illuminate\filesystem\Filesystem.php:122
Stack trace:
#0 [internal function]: Laravel\Lumen\Application->Laravel\Lumen\Concerns\{closure}(2, 'file_put_conten...', 'C:\\xampp\\htdocs...', 122, Array)
#1 C:\xampp\htdocs\sand_box\microservices_lumen\LumenAuthorApi\vendor\illuminate\filesystem\Filesystem.php(122): file_put_contents('C:\\xampp\\htdocs...', '<?php\n\nuse Illu...', 0)
#2 C:\xampp\htdocs\sand_box\microservices_lumen\LumenAuthorApi\vendor\illuminate\database\Migrations\MigrationCreator.php(59): Illuminate\Filesystem\Filesystem->put('C:\\xampp\\htdocs...', '<?php\n\nuse Illu...')
#3 C:\xampp\htdocs\sand_box\microservices_lumen\LumenAuthorApi\vendor\illuminate\database\Console\Migrations\MigrateMakeCommand.php(109): Illuminate\Database\Migrations\MigrationCreator->create('create_authors_...', 'C:\\xampp\\htdocs...', 'authors', true)
#4 C:\xampp\htdocs\sand_box\microservices_lumen\LumenAuthorApi\vendor\illuminate\database\Console\Migrations\MigrateMakeCommand.php(93): Illuminate\Database\Console\Migrations\MigrateMakeCommand->writeMigration('create_authors_...', 'authors', true)
#5 [internal function]: Illuminate\Database\Console\Migrations\MigrateMakeCommand->handle()
#6 C:\xampp\htdocs\sand_box\microservices_lumen\LumenAuthorApi\vendor\illuminate\container\BoundMethod.php(29): call_user_func_array(Array, Array)
#7 C:\xampp\htdocs\sand_box\microservices_lumen\LumenAuthorApi\vendor\illuminate\container\BoundMethod.php(87): Illuminate\Container\BoundMethod::Illuminate\Container\{closure}()
#8 C:\xampp\htdocs\sand_box\microservices_lumen\LumenAuthorApi\vendor\illuminate\container\BoundMethod.php(31): Illuminate\Container\BoundMethod::callBoundMethod(Object(Laravel\Lumen\Application), Array, Object(Closure))
#9 C:\xampp\htdocs\sand_box\microservices_lumen\LumenAuthorApi\vendor\illuminate\container\Container.php(572): Illuminate\Container\BoundMethod::call(Object(Laravel\Lumen\Application), Array, Array, NULL)
#10 C:\xampp\htdocs\sand_box\microservices_lumen\LumenAuthorApi\vendor\illuminate\console\Command.php(183): Illuminate\Container\Container->call(Array)
#11 C:\xampp\htdocs\sand_box\microservices_lumen\LumenAuthorApi\vendor\symfony\console\Command\Command.php(255): Illuminate\Console\Command->execute(Object(Symfony\Component\Console\Input\ArgvInput), Object(Illuminate\Console\OutputStyle))
#12 C:\xampp\htdocs\sand_box\microservices_lumen\LumenAuthorApi\vendor\illuminate\console\Command.php(170): Symfony\Component\Console\Command\Command->run(Object(Symfony\Component\Console\Input\ArgvInput), Object(Illuminate\Console\OutputStyle))
#13 C:\xampp\htdocs\sand_box\microservices_lumen\LumenAuthorApi\vendor\symfony\console\Application.php(901): Illuminate\Console\Command->run(Object(Symfony\Component\Console\Input\ArgvInput), Object(Symfony\Component\Console\Output\ConsoleOutput))
#14 C:\xampp\htdocs\sand_box\microservices_lumen\LumenAuthorApi\vendor\symfony\console\Application.php(262): Symfony\Component\Console\Application->doRunCommand(Object(Illuminate\Database\Console\Migrations\MigrateMakeCommand), Object(Symfony\Component\Console\Input\ArgvInput), Object(Symfony\Component\Console\Output\ConsoleOutput))
#15 C:\xampp\htdocs\sand_box\microservices_lumen\LumenAuthorApi\vendor\symfony\console\Application.php(145): Symfony\Component\Console\Application->doRun(Object(Symfony\Component\Console\Input\ArgvInput), Object(Symfony\Component\Console\Output\ConsoleOutput))
#16 C:\xampp\htdocs\sand_box\microservices_lumen\LumenAuthorApi\vendor\illuminate\console\Application.php(89): Symfony\Component\Console\Application->run(Object(Symfony\Component\Console\Input\ArgvInput), Object(Symfony\Component\Console\Output\ConsoleOutput))
#17 C:\xampp\htdocs\sand_box\microservices_lumen\LumenAuthorApi\vendor\laravel\lumen-framework\src\Console\Kernel.php(115): Illuminate\Console\Application->run(Object(Symfony\Component\Console\Input\ArgvInput), Object(Symfony\Component\Console\Output\ConsoleOutput))
#18 C:\xampp\htdocs\sand_box\microservices_lumen\LumenAuthorApi\artisan(35): Laravel\Lumen\Console\Kernel->handle(Object(Symfony\Component\Console\Input\ArgvInput), Object(Symfony\Component\Console\Output\ConsoleOutput))
#19 {main} {"exception":"[object] (ErrorException(code: 0): file_put_contents(C:\\xampp\\htdocs\\sand_box\\microservices_lumen\\LumenAuthorApi\\bootstrap\\database\\migrations/2019_01_01_162327_create_authors_table.php): failed to open stream: No such file or directory at C:\\xampp\\htdocs\\sand_box\\microservices_lumen\\LumenAuthorApi\\vendor\\illuminate\\filesystem\\Filesystem.php:122)
[stacktrace]
#0 [internal function]: Laravel\\Lumen\\Application->Laravel\\Lumen\\Concerns\\{closure}(2, 'file_put_conten...', 'C:\\\\xampp\\\\htdocs...', 122, Array)
#1 C:\\xampp\\htdocs\\sand_box\\microservices_lumen\\LumenAuthorApi\\vendor\\illuminate\\filesystem\\Filesystem.php(122): file_put_contents('C:\\\\xampp\\\\htdocs...', '<?php\
\
use Illu...', 0)
#2 C:\\xampp\\htdocs\\sand_box\\microservices_lumen\\LumenAuthorApi\\vendor\\illuminate\\database\\Migrations\\MigrationCreator.php(59): Illuminate\\Filesystem\\Filesystem->put('C:\\\\xampp\\\\htdocs...', '<?php\
\
use Illu...')
#3 C:\\xampp\\htdocs\\sand_box\\microservices_lumen\\LumenAuthorApi\\vendor\\illuminate\\database\\Console\\Migrations\\MigrateMakeCommand.php(109): Illuminate\\Database\\Migrations\\MigrationCreator->create('create_authors_...', 'C:\\\\xampp\\\\htdocs...', 'authors', true)
#4 C:\\xampp\\htdocs\\sand_box\\microservices_lumen\\LumenAuthorApi\\vendor\\illuminate\\database\\Console\\Migrations\\MigrateMakeCommand.php(93): Illuminate\\Database\\Console\\Migrations\\MigrateMakeCommand->writeMigration('create_authors_...', 'authors', true)
#5 [internal function]: Illuminate\\Database\\Console\\Migrations\\MigrateMakeCommand->handle()
#6 C:\\xampp\\htdocs\\sand_box\\microservices_lumen\\LumenAuthorApi\\vendor\\illuminate\\container\\BoundMethod.php(29): call_user_func_array(Array, Array)
#7 C:\\xampp\\htdocs\\sand_box\\microservices_lumen\\LumenAuthorApi\\vendor\\illuminate\\container\\BoundMethod.php(87): Illuminate\\Container\\BoundMethod::Illuminate\\Container\\{closure}()
#8 C:\\xampp\\htdocs\\sand_box\\microservices_lumen\\LumenAuthorApi\\vendor\\illuminate\\container\\BoundMethod.php(31): Illuminate\\Container\\BoundMethod::callBoundMethod(Object(Laravel\\Lumen\\Application), Array, Object(Closure))
#9 C:\\xampp\\htdocs\\sand_box\\microservices_lumen\\LumenAuthorApi\\vendor\\illuminate\\container\\Container.php(572): Illuminate\\Container\\BoundMethod::call(Object(Laravel\\Lumen\\Application), Array, Array, NULL)
#10 C:\\xampp\\htdocs\\sand_box\\microservices_lumen\\LumenAuthorApi\\vendor\\illuminate\\console\\Command.php(183): Illuminate\\Container\\Container->call(Array)
#11 C:\\xampp\\htdocs\\sand_box\\microservices_lumen\\LumenAuthorApi\\vendor\\symfony\\console\\Command\\Command.php(255): Illuminate\\Console\\Command->execute(Object(Symfony\\Component\\Console\\Input\\ArgvInput), Object(Illuminate\\Console\\OutputStyle))
#12 C:\\xampp\\htdocs\\sand_box\\microservices_lumen\\LumenAuthorApi\\vendor\\illuminate\\console\\Command.php(170): Symfony\\Component\\Console\\Command\\Command->run(Object(Symfony\\Component\\Console\\Input\\ArgvInput), Object(Illuminate\\Console\\OutputStyle))
#13 C:\\xampp\\htdocs\\sand_box\\microservices_lumen\\LumenAuthorApi\\vendor\\symfony\\console\\Application.php(901): Illuminate\\Console\\Command->run(Object(Symfony\\Component\\Console\\Input\\ArgvInput), Object(Symfony\\Component\\Console\\Output\\ConsoleOutput))
#14 C:\\xampp\\htdocs\\sand_box\\microservices_lumen\\LumenAuthorApi\\vendor\\symfony\\console\\Application.php(262): Symfony\\Component\\Console\\Application->doRunCommand(Object(Illuminate\\Database\\Console\\Migrations\\MigrateMakeCommand), Object(Symfony\\Component\\Console\\Input\\ArgvInput), Object(Symfony\\Component\\Console\\Output\\ConsoleOutput))
#15 C:\\xampp\\htdocs\\sand_box\\microservices_lumen\\LumenAuthorApi\\vendor\\symfony\\console\\Application.php(145): Symfony\\Component\\Console\\Application->doRun(Object(Symfony\\Component\\Console\\Input\\ArgvInput), Object(Symfony\\Component\\Console\\Output\\ConsoleOutput))
#16 C:\\xampp\\htdocs\\sand_box\\microservices_lumen\\LumenAuthorApi\\vendor\\illuminate\\console\\Application.php(89): Symfony\\Component\\Console\\Application->run(Object(Symfony\\Component\\Console\\Input\\ArgvInput), Object(Symfony\\Component\\Console\\Output\\ConsoleOutput))
#17 C:\\xampp\\htdocs\\sand_box\\microservices_lumen\\LumenAuthorApi\\vendor\\laravel\\lumen-framework\\src\\Console\\Kernel.php(115): Illuminate\\Console\\Application->run(Object(Symfony\\Component\\Console\\Input\\ArgvInput), Object(Symfony\\Component\\Console\\Output\\ConsoleOutput))
#18 C:\\xampp\\htdocs\\sand_box\\microservices_lumen\\LumenAuthorApi\\artisan(35): Laravel\\Lumen\\Console\\Kernel->handle(Object(Symfony\\Component\\Console\\Input\\ArgvInput), Object(Symfony\\Component\\Console\\Output\\ConsoleOutput))
#19 {main}
"} 
